<?xml version="1.0" encoding="utf-8"?><testsuites><testsuite name="pytest" errors="0" failures="0" skipped="0" tests="5" time="0.057" timestamp="2024-12-12T20:47:50.395177+02:00" hostname="WIN-0N9DIJPRE32"><testcase classname="test.TestTicTacToeConfig" name="test_default_config_creation" time="0.017" /><testcase classname="test.TestTicTacToeConfig" name="test_config_baud_rate_options" time="0.001" /><testcase classname="test.TestTicTacToeConfig" name="test_game_mode_mapping" time="0.001" /><testcase classname="test.TestTicTacToeConfig" name="test_board_size_validation" time="0.001" /><testcase classname="test.TestTicTacToeConfig" name="test_connection_port_validation" time="0.001" /></testsuite></testsuites>